# JRE version: Java(TM) SE Runtime Environment (7.0_67-b01) (build 1.7.0_67-b01)
# Java VM: Java HotSpot(TM) Client VM (24.65-b04 mixed mode, sharing windows-x86 )
Heap
 def new generation   total 4928K, used 4555K [0x23a00000, 0x23f50000, 0x28f50000)
  eden space 4416K,  91% used [0x23a00000, 0x23df2df8, 0x23e50000)
  from space 512K, 100% used [0x23e50000, 0x23ed0000, 0x23ed0000)
  to   space 512K,   0% used [0x23ed0000, 0x23ed0000, 0x23f50000)
 tenured generation   total 10944K, used 3245K [0x28f50000, 0x29a00000, 0x33a00000)
   the space 10944K,  29% used [0x28f50000, 0x2927b500, 0x2927b600, 0x29a00000)
 compacting perm gen  total 12288K, used 3242K [0x33a00000, 0x34600000, 0x37a00000)
   the space 12288K,  26% used [0x33a00000, 0x33d2ab98, 0x33d2ac00, 0x34600000)
    ro space 10240K,  42% used [0x37a00000, 0x37e34650, 0x37e34800, 0x38400000)
    rw space 12288K,  52% used [0x38400000, 0x38a4be40, 0x38a4c000, 0x39000000)
GC Heap History (10 events):
Event: 0.950 GC heap before
{Heap before GC invocations=1 (full 0):
 def new generation   total 4928K, used 4928K [0x23a00000, 0x23f50000, 0x28f50000)
  eden space 4416K, 100% used [0x23a00000, 0x23e50000, 0x23e50000)
  from space 512K, 100% used [0x23ed0000, 0x23f50000, 0x23f50000)
  to   space 512K,   0% used [0x23e50000, 0x23e50000, 0x23ed0000)
 tenured generation   total 10944K, used 685K [0x28f50000, 0x29a00000, 0x33a00000)
   the space 10944K,   6% used [0x28f50000, 0x28ffb428, 0x28ffb600, 0x29a00000)
 compacting perm gen  total 12288K, used 1671K [0x33a00000, 0x34600000, 0x37a00000)
   the space 12288K,  13% used [0x33a00000, 0x33ba1ce8, 0x33ba1e00, 0x34600000)
    ro space 10240K,  42% used [0x37a00000, 0x37e34650, 0x37e34800, 0x38400000)
    rw space 12288K,  52% used [0x38400000, 0x38a4be40, 0x38a4c000, 0x39000000)
Event: 0.955 GC heap after
Heap after GC invocations=2 (full 0):
 def new generation   total 4928K, used 512K [0x23a00000, 0x23f50000, 0x28f50000)
  eden space 4416K,   0% used [0x23a00000, 0x23a00000, 0x23e50000)
  from space 512K, 100% used [0x23e50000, 0x23ed0000, 0x23ed0000)
  to   space 512K,   0% used [0x23ed0000, 0x23ed0000, 0x23f50000)
 tenured generation   total 10944K, used 1282K [0x28f50000, 0x29a00000, 0x33a00000)
   the space 10944K,  11% used [0x28f50000, 0x29090810, 0x29090a00, 0x29a00000)
 compacting perm gen  total 12288K, used 1671K [0x33a00000, 0x34600000, 0x37a00000)
   the space 12288K,  13% used [0x33a00000, 0x33ba1ce8, 0x33ba1e00, 0x34600000)
    ro space 10240K,  42% used [0x37a00000, 0x37e34650, 0x37e34800, 0x38400000)
    rw space 12288K,  52% used [0x38400000, 0x38a4be40, 0x38a4c000, 0x39000000)
}
Event: 1.094 GC heap before
{Heap before GC invocations=2 (full 0):
 def new generation   total 4928K, used 4853K [0x23a00000, 0x23f50000, 0x28f50000)
  eden space 4416K,  98% used [0x23a00000, 0x23e3d440, 0x23e50000)
  from space 512K, 100% used [0x23e50000, 0x23ed0000, 0x23ed0000)
  to   space 512K,   0% used [0x23ed0000, 0x23ed0000, 0x23f50000)
 tenured generation   total 10944K, used 1282K [0x28f50000, 0x29a00000, 0x33a00000)
   the space 10944K,  11% used [0x28f50000, 0x29090810, 0x29090a00, 0x29a00000)
 compacting perm gen  total 12288K, used 1835K [0x33a00000, 0x34600000, 0x37a00000)
   the space 12288K,  14% used [0x33a00000, 0x33bcac38, 0x33bcae00, 0x34600000)
    ro space 10240K,  42% used [0x37a00000, 0x37e34650, 0x37e34800, 0x38400000)
    rw space 12288K,  52% used [0x38400000, 0x38a4be40, 0x38a4c000, 0x39000000)
Event: 1.098 GC heap after
Heap after GC invocations=3 (full 0):
 def new generation   total 4928K, used 384K [0x23a00000, 0x23f50000, 0x28f50000)
  eden space 4416K,   0% used [0x23a00000, 0x23a00000, 0x23e50000)
  from space 512K,  75% used [0x23ed0000, 0x23f303b0, 0x23f50000)
  to   space 512K,   0% used [0x23e50000, 0x23e50000, 0x23ed0000)
 tenured generation   total 10944K, used 1510K [0x28f50000, 0x29a00000, 0x33a00000)
   the space 10944K,  13% used [0x28f50000, 0x290c9960, 0x290c9a00, 0x29a00000)
 compacting perm gen  total 12288K, used 1835K [0x33a00000, 0x34600000, 0x37a00000)
   the space 12288K,  14% used [0x33a00000, 0x33bcac38, 0x33bcae00, 0x34600000)
    ro space 10240K,  42% used [0x37a00000, 0x37e34650, 0x37e34800, 0x38400000)
    rw space 12288K,  52% used [0x38400000, 0x38a4be40, 0x38a4c000, 0x39000000)
}
Event: 5.377 GC heap before
{Heap before GC invocations=3 (full 0):
 def new generation   total 4928K, used 4786K [0x23a00000, 0x23f50000, 0x28f50000)
  eden space 4416K,  99% used [0x23a00000, 0x23e4c548, 0x23e50000)
  from space 512K,  75% used [0x23ed0000, 0x23f303b0, 0x23f50000)
  to   space 512K,   0% used [0x23e50000, 0x23e50000, 0x23ed0000)
 tenured generation   total 10944K, used 1510K [0x28f50000, 0x29a00000, 0x33a00000)
   the space 10944K,  13% used [0x28f50000, 0x290c9960, 0x290c9a00, 0x29a00000)
 compacting perm gen  total 12288K, used 2282K [0x33a00000, 0x34600000, 0x37a00000)
   the space 12288K,  18% used [0x33a00000, 0x33c3a8a8, 0x33c3aa00, 0x34600000)
    ro space 10240K,  42% used [0x37a00000, 0x37e34650, 0x37e34800, 0x38400000)
    rw space 12288K,  52% used [0x38400000, 0x38a4be40, 0x38a4c000, 0x39000000)
Event: 5.382 GC heap after
Heap after GC invocations=4 (full 0):
 def new generation   total 4928K, used 512K [0x23a00000, 0x23f50000, 0x28f50000)
  eden space 4416K,   0% used [0x23a00000, 0x23a00000, 0x23e50000)
  from space 512K, 100% used [0x23e50000, 0x23ed0000, 0x23ed0000)
  to   space 512K,   0% used [0x23ed0000, 0x23ed0000, 0x23f50000)
 tenured generation   total 10944K, used 1701K [0x28f50000, 0x29a00000, 0x33a00000)
   the space 10944K,  15% used [0x28f50000, 0x290f9738, 0x290f9800, 0x29a00000)
 compacting perm gen  total 12288K, used 2282K [0x33a00000, 0x34600000, 0x37a00000)
   the space 12288K,  18% used [0x33a00000, 0x33c3a8a8, 0x33c3aa00, 0x34600000)
    ro space 10240K,  42% used [0x37a00000, 0x37e34650, 0x37e34800, 0x38400000)
    rw space 12288K,  52% used [0x38400000, 0x38a4be40, 0x38a4c000, 0x39000000)
}
Event: 8.283 GC heap before
{Heap before GC invocations=4 (full 0):
 def new generation   total 4928K, used 4928K [0x23a00000, 0x23f50000, 0x28f50000)
  eden space 4416K, 100% used [0x23a00000, 0x23e50000, 0x23e50000)
  from space 512K, 100% used [0x23e50000, 0x23ed0000, 0x23ed0000)
  to   space 512K,   0% used [0x23ed0000, 0x23ed0000, 0x23f50000)
 tenured generation   total 10944K, used 1701K [0x28f50000, 0x29a00000, 0x33a00000)
   the space 10944K,  15% used [0x28f50000, 0x290f9738, 0x290f9800, 0x29a00000)
 compacting perm gen  total 12288K, used 2931K [0x33a00000, 0x34600000, 0x37a00000)
   the space 12288K,  23% used [0x33a00000, 0x33cdce88, 0x33cdd000, 0x34600000)
    ro space 10240K,  42% used [0x37a00000, 0x37e34650, 0x37e34800, 0x38400000)
    rw space 12288K,  52% used [0x38400000, 0x38a4be40, 0x38a4c000, 0x39000000)
Event: 8.287 GC heap after
Heap after GC invocations=5 (full 0):
 def new generation   total 4928K, used 512K [0x23a00000, 0x23f50000, 0x28f50000)
  eden space 4416K,   0% used [0x23a00000, 0x23a00000, 0x23e50000)
  from space 512K, 100% used [0x23ed0000, 0x23f50000, 0x23f50000)
  to   space 512K,   0% used [0x23e50000, 0x23e50000, 0x23ed0000)
 tenured generation   total 10944K, used 2532K [0x28f50000, 0x29a00000, 0x33a00000)
   the space 10944K,  23% used [0x28f50000, 0x291c91e8, 0x291c9200, 0x29a00000)
 compacting perm gen  total 12288K, used 2931K [0x33a00000, 0x34600000, 0x37a00000)
   the space 12288K,  23% used [0x33a00000, 0x33cdce88, 0x33cdd000, 0x34600000)
    ro space 10240K,  42% used [0x37a00000, 0x37e34650, 0x37e34800, 0x38400000)
    rw space 12288K,  52% used [0x38400000, 0x38a4be40, 0x38a4c000, 0x39000000)
}
Event: 10.646 GC heap before
{Heap before GC invocations=5 (full 0):
 def new generation   total 4928K, used 4928K [0x23a00000, 0x23f50000, 0x28f50000)
  eden space 4416K, 100% used [0x23a00000, 0x23e50000, 0x23e50000)
  from space 512K, 100% used [0x23ed0000, 0x23f50000, 0x23f50000)
  to   space 512K,   0% used [0x23e50000, 0x23e50000, 0x23ed0000)
 tenured generation   total 10944K, used 2532K [0x28f50000, 0x29a00000, 0x33a00000)
   the space 10944K,  23% used [0x28f50000, 0x291c91e8, 0x291c9200, 0x29a00000)
 compacting perm gen  total 12288K, used 3242K [0x33a00000, 0x34600000, 0x37a00000)
   the space 12288K,  26% used [0x33a00000, 0x33d2ab78, 0x33d2ac00, 0x34600000)
    ro space 10240K,  42% used [0x37a00000, 0x37e34650, 0x37e34800, 0x38400000)
    rw space 12288K,  52% used [0x38400000, 0x38a4be40, 0x38a4c000, 0x39000000)
Event: 10.651 GC heap after
Heap after GC invocations=6 (full 0):
 def new generation   total 4928K, used 512K [0x23a00000, 0x23f50000, 0x28f50000)
  eden space 4416K,   0% used [0x23a00000, 0x23a00000, 0x23e50000)
  from space 512K, 100% used [0x23e50000, 0x23ed0000, 0x23ed0000)
  to   space 512K,   0% used [0x23ed0000, 0x23ed0000, 0x23f50000)
 tenured generation   total 10944K, used 3245K [0x28f50000, 0x29a00000, 0x33a00000)
   the space 10944K,  29% used [0x28f50000, 0x2927b500, 0x2927b600, 0x29a00000)
 compacting perm gen  total 12288K, used 3242K [0x33a00000, 0x34600000, 0x37a00000)
   the space 12288K,  26% used [0x33a00000, 0x33d2ab78, 0x33d2ac00, 0x34600000)
    ro space 10240K,  42% used [0x37a00000, 0x37e34650, 0x37e34800, 0x38400000)
    rw space 12288K,  52% used [0x38400000, 0x38a4be40, 0x38a4c000, 0x39000000)
}

